output/arabic-2005_serial_result.txt can not be opened
output/as-Skitter_serial_result.txt can not be opened
output/com-Orkut_serial_result.txt can not be opened
output/coPapersCiteseer_serial_result.txt can not be opened
output/coPapersDBLP_serial_result.txt can not be opened
output/delaunay_n24_serial_result.txt can not be opened
output/eu-2005_serial_result.txt can not be opened
output/europe_osm_serial_result.txt can not be opened
output/GAP-road_serial_result.txt can not be opened
output/germany_osm_serial_result.txt can not be opened
output/higgs-twitter_serial_result.txt can not be opened
output/hollywood-2009_serial_result.txt can not be opened
output/hugebubbles-00020_serial_result.txt can not be opened
output/in-2004_serial_result.txt can not be opened
output/indochina-2004_serial_result.txt can not be opened
output/kmer_A2a_serial_result.txt can not be opened
output/kmer_P1a_serial_result.txt can not be opened
output/kmer_U1a_serial_result.txt can not be opened
output/kmer_V1r_serial_result.txt can not be opened
output/kmer_V2a_serial_result.txt can not be opened
output/kron_g500-logn18_serial_result.txt can not be opened
output/kron_g500-logn19_serial_result.txt can not be opened
output/kron_g500-logn20_serial_result.txt can not be opened
output/kron_g500-logn21_serial_result.txt can not be opened
output/ljournal-2008_serial_result.txt can not be opened
output/rgg_n_2_23_s0_serial_result.txt can not be opened
output/rgg_n_2_24_s0_serial_result.txt can not be opened
output/road_usa_serial_result.txt can not be opened
output/soc-LiveJournal1_serial_result.txt can not be opened
output/sx-stackoverflow_serial_result.txt can not be opened
output/uk-2002_serial_result.txt can not be opened
output/uk-2005_serial_result.txt can not be opened
output/web-BerkStan_serial_result.txt can not be opened
output/wiki-topcats_serial_result.txt can not be opened
