/home/graphwork/cs22s501/datasets/txt/new_graphs/modified/arabic-2005.txt file does not exits
/home/graphwork/cs22s501/datasets/txt/new_graphs/modified/as-Skitter.txt file does not exits
/home/graphwork/cs22s501/datasets/txt/new_graphs/modified/com-Orkut.txt file does not exits
/home/graphwork/cs22s501/datasets/txt/new_graphs/modified/coPapersCiteseer.txt file does not exits
/home/graphwork/cs22s501/datasets/txt/new_graphs/modified/coPapersDBLP.txt file does not exits
/home/graphwork/cs22s501/datasets/txt/new_graphs/modified/delaunay_n24.txt file does not exits
/home/graphwork/cs22s501/datasets/txt/new_graphs/modified/eu-2005.txt file does not exits
/home/graphwork/cs22s501/datasets/txt/new_graphs/modified/europe_osm.txt file does not exits
/home/graphwork/cs22s501/datasets/txt/new_graphs/modified/GAP-road.txt file does not exits
/home/graphwork/cs22s501/datasets/txt/new_graphs/modified/germany_osm.txt file does not exits
/home/graphwork/cs22s501/datasets/txt/new_graphs/modified/higgs-twitter.txt file does not exits
/home/graphwork/cs22s501/datasets/txt/new_graphs/modified/hollywood-2009.txt file does not exits
/home/graphwork/cs22s501/datasets/txt/new_graphs/modified/hugebubbles-00020.txt file does not exits
/home/graphwork/cs22s501/datasets/txt/new_graphs/modified/in-2004.txt file does not exits
/home/graphwork/cs22s501/datasets/txt/new_graphs/modified/indochina-2004.txt file does not exits
/home/graphwork/cs22s501/datasets/txt/new_graphs/modified/kmer_A2a.txt file does not exits
/home/graphwork/cs22s501/datasets/txt/new_graphs/modified/kmer_P1a.txt file does not exits
/home/graphwork/cs22s501/datasets/txt/new_graphs/modified/kmer_U1a.txt file does not exits
/home/graphwork/cs22s501/datasets/txt/new_graphs/modified/kmer_V1r.txt file does not exits
/home/graphwork/cs22s501/datasets/txt/new_graphs/modified/kmer_V2a.txt file does not exits
/home/graphwork/cs22s501/datasets/txt/new_graphs/modified/kron_g500-logn18.txt file does not exits
/home/graphwork/cs22s501/datasets/txt/new_graphs/modified/kron_g500-logn19.txt file does not exits
/home/graphwork/cs22s501/datasets/txt/new_graphs/modified/kron_g500-logn20.txt file does not exits
/home/graphwork/cs22s501/datasets/txt/new_graphs/modified/kron_g500-logn21.txt file does not exits
/home/graphwork/cs22s501/datasets/txt/new_graphs/modified/ljournal-2008.txt file does not exits
/home/graphwork/cs22s501/datasets/txt/new_graphs/modified/rgg_n_2_23_s0.txt file does not exits
/home/graphwork/cs22s501/datasets/txt/new_graphs/modified/rgg_n_2_24_s0.txt file does not exits
/home/graphwork/cs22s501/datasets/txt/new_graphs/modified/road_usa.txt file does not exits
/home/graphwork/cs22s501/datasets/txt/new_graphs/modified/soc-LiveJournal1.txt file does not exits
/home/graphwork/cs22s501/datasets/txt/new_graphs/modified/sx-stackoverflow.txt file does not exits
/home/graphwork/cs22s501/datasets/txt/new_graphs/modified/uk-2002.txt file does not exits
/home/graphwork/cs22s501/datasets/txt/new_graphs/modified/uk-2005.txt file does not exits
/home/graphwork/cs22s501/datasets/txt/new_graphs/modified/web-BerkStan.txt file does not exits
/home/graphwork/cs22s501/datasets/txt/new_graphs/modified/wiki-topcats.txt file does not exits
